Info in <TCanvas::MakeDefCanvas>:  created default TCanvas with name c1
TH1F::Sumw2:0: RuntimeWarning: Sum of squares of weights structure already created
TH1F::Sumw2:0: RuntimeWarning: Sum of squares of weights structure already created
TH1F::Sumw2:0: RuntimeWarning: Sum of squares of weights structure already created
TH1F::Sumw2:0: RuntimeWarning: Sum of squares of weights structure already created
Info in <TCanvas::Print>: pdf file ../../output/impact1D/gluino_COMBINED_impact1D.pdf has been created
TH1F::Sumw2:0: RuntimeWarning: Sum of squares of weights structure already created
TH1F::Sumw2:0: RuntimeWarning: Sum of squares of weights structure already created
TH1F::Sumw2:0: RuntimeWarning: Sum of squares of weights structure already created
TH1F::Sumw2:0: RuntimeWarning: Sum of squares of weights structure already created
Info in <TCanvas::Print>: pdf file ../../output/impact1D/chi10_COMBINED_impact1D.pdf has been created
TH1F::Sumw2:0: RuntimeWarning: Sum of squares of weights structure already created
TH1F::Sumw2:0: RuntimeWarning: Sum of squares of weights structure already created
TH1F::Sumw2:0: RuntimeWarning: Sum of squares of weights structure already created
TH1F::Sumw2:0: RuntimeWarning: Sum of squares of weights structure already created
Info in <TCanvas::Print>: pdf file ../../output/impact1D/chi20_COMBINED_impact1D.pdf has been created
TH1F::Sumw2:0: RuntimeWarning: Sum of squares of weights structure already created
TH1F::Sumw2:0: RuntimeWarning: Sum of squares of weights structure already created
TH1F::Sumw2:0: RuntimeWarning: Sum of squares of weights structure already created
TH1F::Sumw2:0: RuntimeWarning: Sum of squares of weights structure already created
Info in <TCanvas::Print>: pdf file ../../output/impact1D/chi1pm_COMBINED_impact1D.pdf has been created
TH1F::Sumw2:0: RuntimeWarning: Sum of squares of weights structure already created
TH1F::Sumw2:0: RuntimeWarning: Sum of squares of weights structure already created
TH1F::Sumw2:0: RuntimeWarning: Sum of squares of weights structure already created
TH1F::Sumw2:0: RuntimeWarning: Sum of squares of weights structure already created
Info in <TCanvas::Print>: pdf file ../../output/impact1D/lcsp_COMBINED_impact1D.pdf has been created
TH1F::Sumw2:0: RuntimeWarning: Sum of squares of weights structure already created
TH1F::Sumw2:0: RuntimeWarning: Sum of squares of weights structure already created
TH1F::Sumw2:0: RuntimeWarning: Sum of squares of weights structure already created
TH1F::Sumw2:0: RuntimeWarning: Sum of squares of weights structure already created
Info in <TCanvas::Print>: pdf file ../../output/impact1D/stop1_COMBINED_impact1D.pdf has been created
1. cms_sus_20_001
2. cms_sus_19_006
3. cms_sus_21_006
4. cms_sus_18_004
_____________________________ [1m[38;5;214m1D Impact[0m for[1m[94m g [0m _____________________________
_____________________________[1m[92mFULL COMBINED[0m_______________________
•[93mAnalysis:[0m cms_sus_20_001 [38;5;214mConstraint[0m: (exp(llhd_cms_sus_20_001_mu1p0s-llhd_cms_sus_20_001_mu0p0s))
•[93mAnalysis:[0m cms_sus_19_006 [38;5;214mConstraint[0m: (exp(llhd_cms_sus_19_006_100s-llhd_cms_sus_19_006_0s))
•[93mAnalysis:[0m cms_sus_21_006 [38;5;214mConstraint[0m: (max(bf_cms_sus_21_006_mu1p0f,1E-20))
•[93mAnalysis:[0m cms_sus_18_004 [38;5;214mConstraint[0m: (max(bf_cms_sus_18_004_mu1p0f,1E-20))
_______________________________________________________________________________________


_____________________________ [1m[38;5;214m1D Impact[0m for[1m[94m abs(chi10) [0m _____________________________
_____________________________[1m[92mFULL COMBINED[0m_______________________
•[93mAnalysis:[0m cms_sus_20_001 [38;5;214mConstraint[0m: (exp(llhd_cms_sus_20_001_mu1p0s-llhd_cms_sus_20_001_mu0p0s))
•[93mAnalysis:[0m cms_sus_19_006 [38;5;214mConstraint[0m: (exp(llhd_cms_sus_19_006_100s-llhd_cms_sus_19_006_0s))
•[93mAnalysis:[0m cms_sus_21_006 [38;5;214mConstraint[0m: (max(bf_cms_sus_21_006_mu1p0f,1E-20))
•[93mAnalysis:[0m cms_sus_18_004 [38;5;214mConstraint[0m: (max(bf_cms_sus_18_004_mu1p0f,1E-20))
_______________________________________________________________________________________


_____________________________ [1m[38;5;214m1D Impact[0m for[1m[94m abs(chi20) [0m _____________________________
_____________________________[1m[92mFULL COMBINED[0m_______________________
•[93mAnalysis:[0m cms_sus_20_001 [38;5;214mConstraint[0m: (exp(llhd_cms_sus_20_001_mu1p0s-llhd_cms_sus_20_001_mu0p0s))
•[93mAnalysis:[0m cms_sus_19_006 [38;5;214mConstraint[0m: (exp(llhd_cms_sus_19_006_100s-llhd_cms_sus_19_006_0s))
•[93mAnalysis:[0m cms_sus_21_006 [38;5;214mConstraint[0m: (max(bf_cms_sus_21_006_mu1p0f,1E-20))
•[93mAnalysis:[0m cms_sus_18_004 [38;5;214mConstraint[0m: (max(bf_cms_sus_18_004_mu1p0f,1E-20))
_______________________________________________________________________________________


_____________________________ [1m[38;5;214m1D Impact[0m for[1m[94m abs(chi1pm) [0m _____________________________
_____________________________[1m[92mFULL COMBINED[0m_______________________
•[93mAnalysis:[0m cms_sus_20_001 [38;5;214mConstraint[0m: (exp(llhd_cms_sus_20_001_mu1p0s-llhd_cms_sus_20_001_mu0p0s))
•[93mAnalysis:[0m cms_sus_19_006 [38;5;214mConstraint[0m: (exp(llhd_cms_sus_19_006_100s-llhd_cms_sus_19_006_0s))
•[93mAnalysis:[0m cms_sus_21_006 [38;5;214mConstraint[0m: (max(bf_cms_sus_21_006_mu1p0f,1E-20))
•[93mAnalysis:[0m cms_sus_18_004 [38;5;214mConstraint[0m: (max(bf_cms_sus_18_004_mu1p0f,1E-20))
_______________________________________________________________________________________


_____________________________ [1m[38;5;214m1D Impact[0m for[1m[94m lcsp [0m _____________________________
_____________________________[1m[92mFULL COMBINED[0m_______________________
•[93mAnalysis:[0m cms_sus_20_001 [38;5;214mConstraint[0m: (exp(llhd_cms_sus_20_001_mu1p0s-llhd_cms_sus_20_001_mu0p0s))
•[93mAnalysis:[0m cms_sus_19_006 [38;5;214mConstraint[0m: (exp(llhd_cms_sus_19_006_100s-llhd_cms_sus_19_006_0s))
•[93mAnalysis:[0m cms_sus_21_006 [38;5;214mConstraint[0m: (max(bf_cms_sus_21_006_mu1p0f,1E-20))
•[93mAnalysis:[0m cms_sus_18_004 [38;5;214mConstraint[0m: (max(bf_cms_sus_18_004_mu1p0f,1E-20))
_______________________________________________________________________________________


_____________________________ [1m[38;5;214m1D Impact[0m for[1m[94m t1 [0m _____________________________
_____________________________[1m[92mFULL COMBINED[0m_______________________
•[93mAnalysis:[0m cms_sus_20_001 [38;5;214mConstraint[0m: (exp(llhd_cms_sus_20_001_mu1p0s-llhd_cms_sus_20_001_mu0p0s))
•[93mAnalysis:[0m cms_sus_19_006 [38;5;214mConstraint[0m: (exp(llhd_cms_sus_19_006_100s-llhd_cms_sus_19_006_0s))
•[93mAnalysis:[0m cms_sus_21_006 [38;5;214mConstraint[0m: (max(bf_cms_sus_21_006_mu1p0f,1E-20))
•[93mAnalysis:[0m cms_sus_18_004 [38;5;214mConstraint[0m: (max(bf_cms_sus_18_004_mu1p0f,1E-20))
_______________________________________________________________________________________


