Info in <TCanvas::MakeDefCanvas>:  created default TCanvas with name c1
Info in <TCanvas::Print>: pdf file ../../output/quantile2D/chi1pm_chi10_COMBINED_0p99_quantile2D.pdf has been created
TFile::Append:0: RuntimeWarning: Replacing existing TH1: htemp_pyx  _pxy (Potential memory leak).
Info in <TCanvas::Print>: pdf file ../../output/quantile2D/chi20_chi10_COMBINED_0p99_quantile2D.pdf has been created
TFile::Append:0: RuntimeWarning: Replacing existing TH1: htemp_pyx  _pxy (Potential memory leak).
Info in <TCanvas::Print>: pdf file ../../output/quantile2D/stop1_chi10_COMBINED_0p99_quantile2D.pdf has been created
TFile::Append:0: RuntimeWarning: Replacing existing TH1: htemp_pyx  _pxy (Potential memory leak).
Info in <TCanvas::Print>: pdf file ../../output/quantile2D/sbottom_chi10_COMBINED_0p99_quantile2D.pdf has been created
TFile::Append:0: RuntimeWarning: Replacing existing TH1: htemp_pyx  _pxy (Potential memory leak).
Info in <TCanvas::Print>: pdf file ../../output/quantile2D/lcsp_chi10_COMBINED_0p99_quantile2D.pdf has been created
TFile::Append:0: RuntimeWarning: Replacing existing TH1: htemp_pyx  _pxy (Potential memory leak).
Info in <TCanvas::Print>: pdf file ../../output/quantile2D/gluino_chi10_COMBINED_0p99_quantile2D.pdf has been created
1. cms_sus_20_001
2. cms_sus_19_006
3. cms_sus_21_006
4. cms_sus_18_004
_____________________________ [1m[38;5;214m2D Quantile 0.99 Percentile [0m for[1m[94m abs(chi10):abs(chi1pm) [0m _____________________________
_____________________________[1m[92mFULL COMBINED[0m_______________________
•[93mAnalysis:[0m cms_sus_20_001 [38;5;214mConstraint[0m: (exp(llhd_cms_sus_20_001_mu1p0s-llhd_cms_sus_20_001_mu0p0s))
•[93mAnalysis:[0m cms_sus_19_006 [38;5;214mConstraint[0m: (exp(llhd_cms_sus_19_006_100s-llhd_cms_sus_19_006_0s))
•[93mAnalysis:[0m cms_sus_21_006 [38;5;214mConstraint[0m: (max(bf_cms_sus_21_006_mu1p0f,1E-20))
•[93mAnalysis:[0m cms_sus_18_004 [38;5;214mConstraint[0m: (max(bf_cms_sus_18_004_mu1p0f,1E-20))
_______________________________________________________________________________________


_____________________________ [1m[38;5;214m2D Quantile 0.99 Percentile [0m for[1m[94m abs(chi10):abs(chi20) [0m _____________________________
_____________________________[1m[92mFULL COMBINED[0m_______________________
•[93mAnalysis:[0m cms_sus_20_001 [38;5;214mConstraint[0m: (exp(llhd_cms_sus_20_001_mu1p0s-llhd_cms_sus_20_001_mu0p0s))
•[93mAnalysis:[0m cms_sus_19_006 [38;5;214mConstraint[0m: (exp(llhd_cms_sus_19_006_100s-llhd_cms_sus_19_006_0s))
•[93mAnalysis:[0m cms_sus_21_006 [38;5;214mConstraint[0m: (max(bf_cms_sus_21_006_mu1p0f,1E-20))
•[93mAnalysis:[0m cms_sus_18_004 [38;5;214mConstraint[0m: (max(bf_cms_sus_18_004_mu1p0f,1E-20))
_______________________________________________________________________________________


_____________________________ [1m[38;5;214m2D Quantile 0.99 Percentile [0m for[1m[94m abs(chi10):t1 [0m _____________________________
_____________________________[1m[92mFULL COMBINED[0m_______________________
•[93mAnalysis:[0m cms_sus_20_001 [38;5;214mConstraint[0m: (exp(llhd_cms_sus_20_001_mu1p0s-llhd_cms_sus_20_001_mu0p0s))
•[93mAnalysis:[0m cms_sus_19_006 [38;5;214mConstraint[0m: (exp(llhd_cms_sus_19_006_100s-llhd_cms_sus_19_006_0s))
•[93mAnalysis:[0m cms_sus_21_006 [38;5;214mConstraint[0m: (max(bf_cms_sus_21_006_mu1p0f,1E-20))
•[93mAnalysis:[0m cms_sus_18_004 [38;5;214mConstraint[0m: (max(bf_cms_sus_18_004_mu1p0f,1E-20))
_______________________________________________________________________________________


_____________________________ [1m[38;5;214m2D Quantile 0.99 Percentile [0m for[1m[94m abs(chi10):b1 [0m _____________________________
_____________________________[1m[92mFULL COMBINED[0m_______________________
•[93mAnalysis:[0m cms_sus_20_001 [38;5;214mConstraint[0m: (exp(llhd_cms_sus_20_001_mu1p0s-llhd_cms_sus_20_001_mu0p0s))
•[93mAnalysis:[0m cms_sus_19_006 [38;5;214mConstraint[0m: (exp(llhd_cms_sus_19_006_100s-llhd_cms_sus_19_006_0s))
•[93mAnalysis:[0m cms_sus_21_006 [38;5;214mConstraint[0m: (max(bf_cms_sus_21_006_mu1p0f,1E-20))
•[93mAnalysis:[0m cms_sus_18_004 [38;5;214mConstraint[0m: (max(bf_cms_sus_18_004_mu1p0f,1E-20))
_______________________________________________________________________________________


_____________________________ [1m[38;5;214m2D Quantile 0.99 Percentile [0m for[1m[94m abs(chi10):lcsp [0m _____________________________
_____________________________[1m[92mFULL COMBINED[0m_______________________
•[93mAnalysis:[0m cms_sus_20_001 [38;5;214mConstraint[0m: (exp(llhd_cms_sus_20_001_mu1p0s-llhd_cms_sus_20_001_mu0p0s))
•[93mAnalysis:[0m cms_sus_19_006 [38;5;214mConstraint[0m: (exp(llhd_cms_sus_19_006_100s-llhd_cms_sus_19_006_0s))
•[93mAnalysis:[0m cms_sus_21_006 [38;5;214mConstraint[0m: (max(bf_cms_sus_21_006_mu1p0f,1E-20))
•[93mAnalysis:[0m cms_sus_18_004 [38;5;214mConstraint[0m: (max(bf_cms_sus_18_004_mu1p0f,1E-20))
_______________________________________________________________________________________


_____________________________ [1m[38;5;214m2D Quantile 0.99 Percentile [0m for[1m[94m abs(chi10):g [0m _____________________________
_____________________________[1m[92mFULL COMBINED[0m_______________________
•[93mAnalysis:[0m cms_sus_20_001 [38;5;214mConstraint[0m: (exp(llhd_cms_sus_20_001_mu1p0s-llhd_cms_sus_20_001_mu0p0s))
•[93mAnalysis:[0m cms_sus_19_006 [38;5;214mConstraint[0m: (exp(llhd_cms_sus_19_006_100s-llhd_cms_sus_19_006_0s))
•[93mAnalysis:[0m cms_sus_21_006 [38;5;214mConstraint[0m: (max(bf_cms_sus_21_006_mu1p0f,1E-20))
•[93mAnalysis:[0m cms_sus_18_004 [38;5;214mConstraint[0m: (max(bf_cms_sus_18_004_mu1p0f,1E-20))
_______________________________________________________________________________________


