Info in <TCanvas::MakeDefCanvas>:  created default TCanvas with name c1
TH1F::Sumw2:0: RuntimeWarning: Sum of squares of weights structure already created
TH1F::Sumw2:0: RuntimeWarning: Sum of squares of weights structure already created
TH1F::Sumw2:0: RuntimeWarning: Sum of squares of weights structure already created
Info in <TCanvas::Print>: pdf file ../../output/survival1D/chi10_COMBINED_survival1D.pdf has been created
TH1F::Sumw2:0: RuntimeWarning: Sum of squares of weights structure already created
TH1F::Sumw2:0: RuntimeWarning: Sum of squares of weights structure already created
TH1F::Sumw2:0: RuntimeWarning: Sum of squares of weights structure already created
Info in <TCanvas::Print>: pdf file ../../output/survival1D/chi1pm_COMBINED_survival1D.pdf has been created
1. cms_sus_20_001
2. cms_sus_19_006
3. cms_sus_21_006
4. cms_sus_18_004
5. cms_sus_21_007
6. cms_sus_21_007_mb
_____________________________ [1m[38;5;214m1D Survival Probability[0m for[1m[94m abs(chi10) [0m _____________________________
_____________________________[1m[92mFULL COMBINED[0m_______________________
•[93mAnalysis:[0m cms_sus_20_001 [38;5;214mConstraint[0m: (exp(llhd_cms_sus_20_001_mu1p0s-llhd_cms_sus_20_001_mu0p0s))
•[93mAnalysis:[0m cms_sus_19_006 [38;5;214mConstraint[0m: (exp(llhd_cms_sus_19_006_100s-llhd_cms_sus_19_006_0s))
•[93mAnalysis:[0m cms_sus_21_006 [38;5;214mConstraint[0m: (max(bf_cms_sus_21_006_mu1p0f,1E-20))
•[93mAnalysis:[0m cms_sus_18_004 [38;5;214mConstraint[0m: (max(bf_cms_sus_18_004_mu1p0f,1E-20))
•[93mAnalysis:[0m cms_sus_21_007 [38;5;214mConstraint[0m: (exp(llhd_cms_sus_21_007_100s-llhd_cms_sus_21_007_0s))
•[93mAnalysis:[0m cms_sus_21_007_mb [38;5;214mConstraint[0m: (max(bf_cms_sus_21_007_mb_mu1p0s,1E-20))

•[1m[93mPosterior Z Score:[0m
TMath::Abs(TMath::Log((exp(llhd_cms_sus_20_001_mu1p0s-llhd_cms_sus_20_001_mu0p0s))*(exp(llhd_cms_sus_19_006_100s-llhd_cms_sus_19_006_0s))*(max(bf_cms_sus_21_006_mu1p0f,1E-20))*(max(bf_cms_sus_18_004_mu1p0f,1E-20))*(exp(llhd_cms_sus_21_007_100s-llhd_cms_sus_21_007_0s))*(max(bf_cms_sus_21_007_mb_mu1p0s,1E-20))))/(TMath::Log((exp(llhd_cms_sus_20_001_mu1p0s-llhd_cms_sus_20_001_mu0p0s))*(exp(llhd_cms_sus_19_006_100s-llhd_cms_sus_19_006_0s))*(max(bf_cms_sus_21_006_mu1p0f,1E-20))*(max(bf_cms_sus_18_004_mu1p0f,1E-20))*(exp(llhd_cms_sus_21_007_100s-llhd_cms_sus_21_007_0s))*(max(bf_cms_sus_21_007_mb_mu1p0s,1E-20)))) * TMath::Sqrt(2 * TMath::Abs(TMath::Log((exp(llhd_cms_sus_20_001_mu1p0s-llhd_cms_sus_20_001_mu0p0s))*(exp(llhd_cms_sus_19_006_100s-llhd_cms_sus_19_006_0s))*(max(bf_cms_sus_21_006_mu1p0f,1E-20))*(max(bf_cms_sus_18_004_mu1p0f,1E-20))*(exp(llhd_cms_sus_21_007_100s-llhd_cms_sus_21_007_0s))*(max(bf_cms_sus_21_007_mb_mu1p0s,1E-20)))))
•[1m[93mPosterior Up Z Score:[0m
TMath::Abs(TMath::Log((exp(llhd_cms_sus_20_001_mu1p5s-llhd_cms_sus_20_001_mu0p0s))*(exp(llhd_cms_sus_19_006_150s-llhd_cms_sus_19_006_0s))*(max(bf_cms_sus_21_006_mu1p5f,1E-20))*(max(bf_cms_sus_18_004_mu1p5f,1E-20))*(exp(llhd_cms_sus_21_007_150s-llhd_cms_sus_21_007_0s))*(max(bf_cms_sus_21_007_mb_mu1p5s,1E-20))))/(TMath::Log((exp(llhd_cms_sus_20_001_mu1p5s-llhd_cms_sus_20_001_mu0p0s))*(exp(llhd_cms_sus_19_006_150s-llhd_cms_sus_19_006_0s))*(max(bf_cms_sus_21_006_mu1p5f,1E-20))*(max(bf_cms_sus_18_004_mu1p5f,1E-20))*(exp(llhd_cms_sus_21_007_150s-llhd_cms_sus_21_007_0s))*(max(bf_cms_sus_21_007_mb_mu1p5s,1E-20)))) * TMath::Sqrt(2 * TMath::Abs(TMath::Log((exp(llhd_cms_sus_20_001_mu1p5s-llhd_cms_sus_20_001_mu0p0s))*(exp(llhd_cms_sus_19_006_150s-llhd_cms_sus_19_006_0s))*(max(bf_cms_sus_21_006_mu1p5f,1E-20))*(max(bf_cms_sus_18_004_mu1p5f,1E-20))*(exp(llhd_cms_sus_21_007_150s-llhd_cms_sus_21_007_0s))*(max(bf_cms_sus_21_007_mb_mu1p5s,1E-20)))))
•[1m[93mPosterior Down Z Score:[0m
TMath::Abs(TMath::Log((exp(llhd_cms_sus_20_001_mu0p5s-llhd_cms_sus_20_001_mu0p0s))*(exp(llhd_cms_sus_19_006_050s-llhd_cms_sus_19_006_0s))*(max(bf_cms_sus_21_006_mu0p5f,1E-20))*(max(bf_cms_sus_18_004_mu0p5f,1E-20))*(exp(llhd_cms_sus_21_007_050s-llhd_cms_sus_21_007_0s))*(max(bf_cms_sus_21_007_mb_mu0p5s,1E-20))))/(TMath::Log((exp(llhd_cms_sus_20_001_mu0p5s-llhd_cms_sus_20_001_mu0p0s))*(exp(llhd_cms_sus_19_006_050s-llhd_cms_sus_19_006_0s))*(max(bf_cms_sus_21_006_mu0p5f,1E-20))*(max(bf_cms_sus_18_004_mu0p5f,1E-20))*(exp(llhd_cms_sus_21_007_050s-llhd_cms_sus_21_007_0s))*(max(bf_cms_sus_21_007_mb_mu0p5s,1E-20)))) * TMath::Sqrt(2 * TMath::Abs(TMath::Log((exp(llhd_cms_sus_20_001_mu0p5s-llhd_cms_sus_20_001_mu0p0s))*(exp(llhd_cms_sus_19_006_050s-llhd_cms_sus_19_006_0s))*(max(bf_cms_sus_21_006_mu0p5f,1E-20))*(max(bf_cms_sus_18_004_mu0p5f,1E-20))*(exp(llhd_cms_sus_21_007_050s-llhd_cms_sus_21_007_0s))*(max(bf_cms_sus_21_007_mb_mu0p5s,1E-20)))))
_______________________________________________________________________________________


_____________________________ [1m[38;5;214m1D Survival Probability[0m for[1m[94m abs(chi1pm) [0m _____________________________
_____________________________[1m[92mFULL COMBINED[0m_______________________
•[93mAnalysis:[0m cms_sus_20_001 [38;5;214mConstraint[0m: (exp(llhd_cms_sus_20_001_mu1p0s-llhd_cms_sus_20_001_mu0p0s))
•[93mAnalysis:[0m cms_sus_19_006 [38;5;214mConstraint[0m: (exp(llhd_cms_sus_19_006_100s-llhd_cms_sus_19_006_0s))
•[93mAnalysis:[0m cms_sus_21_006 [38;5;214mConstraint[0m: (max(bf_cms_sus_21_006_mu1p0f,1E-20))
•[93mAnalysis:[0m cms_sus_18_004 [38;5;214mConstraint[0m: (max(bf_cms_sus_18_004_mu1p0f,1E-20))
•[93mAnalysis:[0m cms_sus_21_007 [38;5;214mConstraint[0m: (exp(llhd_cms_sus_21_007_100s-llhd_cms_sus_21_007_0s))
•[93mAnalysis:[0m cms_sus_21_007_mb [38;5;214mConstraint[0m: (max(bf_cms_sus_21_007_mb_mu1p0s,1E-20))

•[1m[93mPosterior Z Score:[0m
TMath::Abs(TMath::Log((exp(llhd_cms_sus_20_001_mu1p0s-llhd_cms_sus_20_001_mu0p0s))*(exp(llhd_cms_sus_19_006_100s-llhd_cms_sus_19_006_0s))*(max(bf_cms_sus_21_006_mu1p0f,1E-20))*(max(bf_cms_sus_18_004_mu1p0f,1E-20))*(exp(llhd_cms_sus_21_007_100s-llhd_cms_sus_21_007_0s))*(max(bf_cms_sus_21_007_mb_mu1p0s,1E-20))))/(TMath::Log((exp(llhd_cms_sus_20_001_mu1p0s-llhd_cms_sus_20_001_mu0p0s))*(exp(llhd_cms_sus_19_006_100s-llhd_cms_sus_19_006_0s))*(max(bf_cms_sus_21_006_mu1p0f,1E-20))*(max(bf_cms_sus_18_004_mu1p0f,1E-20))*(exp(llhd_cms_sus_21_007_100s-llhd_cms_sus_21_007_0s))*(max(bf_cms_sus_21_007_mb_mu1p0s,1E-20)))) * TMath::Sqrt(2 * TMath::Abs(TMath::Log((exp(llhd_cms_sus_20_001_mu1p0s-llhd_cms_sus_20_001_mu0p0s))*(exp(llhd_cms_sus_19_006_100s-llhd_cms_sus_19_006_0s))*(max(bf_cms_sus_21_006_mu1p0f,1E-20))*(max(bf_cms_sus_18_004_mu1p0f,1E-20))*(exp(llhd_cms_sus_21_007_100s-llhd_cms_sus_21_007_0s))*(max(bf_cms_sus_21_007_mb_mu1p0s,1E-20)))))
•[1m[93mPosterior Up Z Score:[0m
TMath::Abs(TMath::Log((exp(llhd_cms_sus_20_001_mu1p5s-llhd_cms_sus_20_001_mu0p0s))*(exp(llhd_cms_sus_19_006_150s-llhd_cms_sus_19_006_0s))*(max(bf_cms_sus_21_006_mu1p5f,1E-20))*(max(bf_cms_sus_18_004_mu1p5f,1E-20))*(exp(llhd_cms_sus_21_007_150s-llhd_cms_sus_21_007_0s))*(max(bf_cms_sus_21_007_mb_mu1p5s,1E-20))))/(TMath::Log((exp(llhd_cms_sus_20_001_mu1p5s-llhd_cms_sus_20_001_mu0p0s))*(exp(llhd_cms_sus_19_006_150s-llhd_cms_sus_19_006_0s))*(max(bf_cms_sus_21_006_mu1p5f,1E-20))*(max(bf_cms_sus_18_004_mu1p5f,1E-20))*(exp(llhd_cms_sus_21_007_150s-llhd_cms_sus_21_007_0s))*(max(bf_cms_sus_21_007_mb_mu1p5s,1E-20)))) * TMath::Sqrt(2 * TMath::Abs(TMath::Log((exp(llhd_cms_sus_20_001_mu1p5s-llhd_cms_sus_20_001_mu0p0s))*(exp(llhd_cms_sus_19_006_150s-llhd_cms_sus_19_006_0s))*(max(bf_cms_sus_21_006_mu1p5f,1E-20))*(max(bf_cms_sus_18_004_mu1p5f,1E-20))*(exp(llhd_cms_sus_21_007_150s-llhd_cms_sus_21_007_0s))*(max(bf_cms_sus_21_007_mb_mu1p5s,1E-20)))))
•[1m[93mPosterior Down Z Score:[0m
TMath::Abs(TMath::Log((exp(llhd_cms_sus_20_001_mu0p5s-llhd_cms_sus_20_001_mu0p0s))*(exp(llhd_cms_sus_19_006_050s-llhd_cms_sus_19_006_0s))*(max(bf_cms_sus_21_006_mu0p5f,1E-20))*(max(bf_cms_sus_18_004_mu0p5f,1E-20))*(exp(llhd_cms_sus_21_007_050s-llhd_cms_sus_21_007_0s))*(max(bf_cms_sus_21_007_mb_mu0p5s,1E-20))))/(TMath::Log((exp(llhd_cms_sus_20_001_mu0p5s-llhd_cms_sus_20_001_mu0p0s))*(exp(llhd_cms_sus_19_006_050s-llhd_cms_sus_19_006_0s))*(max(bf_cms_sus_21_006_mu0p5f,1E-20))*(max(bf_cms_sus_18_004_mu0p5f,1E-20))*(exp(llhd_cms_sus_21_007_050s-llhd_cms_sus_21_007_0s))*(max(bf_cms_sus_21_007_mb_mu0p5s,1E-20)))) * TMath::Sqrt(2 * TMath::Abs(TMath::Log((exp(llhd_cms_sus_20_001_mu0p5s-llhd_cms_sus_20_001_mu0p0s))*(exp(llhd_cms_sus_19_006_050s-llhd_cms_sus_19_006_0s))*(max(bf_cms_sus_21_006_mu0p5f,1E-20))*(max(bf_cms_sus_18_004_mu0p5f,1E-20))*(exp(llhd_cms_sus_21_007_050s-llhd_cms_sus_21_007_0s))*(max(bf_cms_sus_21_007_mb_mu0p5s,1E-20)))))
_______________________________________________________________________________________


_____________________________ [1m[38;5;214m1D Survival Probability[0m for[1m[94m abs(chi20) [0m _____________________________
_____________________________[1m[92mFULL COMBINED[0m_______________________
TH1F::Sumw2:0: RuntimeWarning: Sum of squares of weights structure already created
TH1F::Sumw2:0: RuntimeWarning: Sum of squares of weights structure already created
TH1F::Sumw2:0: RuntimeWarning: Sum of squares of weights structure already created
Info in <TCanvas::Print>: pdf file ../../output/survival1D/chi20_COMBINED_survival1D.pdf has been created
TH1F::Sumw2:0: RuntimeWarning: Sum of squares of weights structure already created
TH1F::Sumw2:0: RuntimeWarning: Sum of squares of weights structure already created
TH1F::Sumw2:0: RuntimeWarning: Sum of squares of weights structure already created
Info in <TCanvas::Print>: pdf file ../../output/survival1D/gluino_COMBINED_survival1D.pdf has been created
•[93mAnalysis:[0m cms_sus_20_001 [38;5;214mConstraint[0m: (exp(llhd_cms_sus_20_001_mu1p0s-llhd_cms_sus_20_001_mu0p0s))
•[93mAnalysis:[0m cms_sus_19_006 [38;5;214mConstraint[0m: (exp(llhd_cms_sus_19_006_100s-llhd_cms_sus_19_006_0s))
•[93mAnalysis:[0m cms_sus_21_006 [38;5;214mConstraint[0m: (max(bf_cms_sus_21_006_mu1p0f,1E-20))
•[93mAnalysis:[0m cms_sus_18_004 [38;5;214mConstraint[0m: (max(bf_cms_sus_18_004_mu1p0f,1E-20))
•[93mAnalysis:[0m cms_sus_21_007 [38;5;214mConstraint[0m: (exp(llhd_cms_sus_21_007_100s-llhd_cms_sus_21_007_0s))
•[93mAnalysis:[0m cms_sus_21_007_mb [38;5;214mConstraint[0m: (max(bf_cms_sus_21_007_mb_mu1p0s,1E-20))

•[1m[93mPosterior Z Score:[0m
TMath::Abs(TMath::Log((exp(llhd_cms_sus_20_001_mu1p0s-llhd_cms_sus_20_001_mu0p0s))*(exp(llhd_cms_sus_19_006_100s-llhd_cms_sus_19_006_0s))*(max(bf_cms_sus_21_006_mu1p0f,1E-20))*(max(bf_cms_sus_18_004_mu1p0f,1E-20))*(exp(llhd_cms_sus_21_007_100s-llhd_cms_sus_21_007_0s))*(max(bf_cms_sus_21_007_mb_mu1p0s,1E-20))))/(TMath::Log((exp(llhd_cms_sus_20_001_mu1p0s-llhd_cms_sus_20_001_mu0p0s))*(exp(llhd_cms_sus_19_006_100s-llhd_cms_sus_19_006_0s))*(max(bf_cms_sus_21_006_mu1p0f,1E-20))*(max(bf_cms_sus_18_004_mu1p0f,1E-20))*(exp(llhd_cms_sus_21_007_100s-llhd_cms_sus_21_007_0s))*(max(bf_cms_sus_21_007_mb_mu1p0s,1E-20)))) * TMath::Sqrt(2 * TMath::Abs(TMath::Log((exp(llhd_cms_sus_20_001_mu1p0s-llhd_cms_sus_20_001_mu0p0s))*(exp(llhd_cms_sus_19_006_100s-llhd_cms_sus_19_006_0s))*(max(bf_cms_sus_21_006_mu1p0f,1E-20))*(max(bf_cms_sus_18_004_mu1p0f,1E-20))*(exp(llhd_cms_sus_21_007_100s-llhd_cms_sus_21_007_0s))*(max(bf_cms_sus_21_007_mb_mu1p0s,1E-20)))))
•[1m[93mPosterior Up Z Score:[0m
TMath::Abs(TMath::Log((exp(llhd_cms_sus_20_001_mu1p5s-llhd_cms_sus_20_001_mu0p0s))*(exp(llhd_cms_sus_19_006_150s-llhd_cms_sus_19_006_0s))*(max(bf_cms_sus_21_006_mu1p5f,1E-20))*(max(bf_cms_sus_18_004_mu1p5f,1E-20))*(exp(llhd_cms_sus_21_007_150s-llhd_cms_sus_21_007_0s))*(max(bf_cms_sus_21_007_mb_mu1p5s,1E-20))))/(TMath::Log((exp(llhd_cms_sus_20_001_mu1p5s-llhd_cms_sus_20_001_mu0p0s))*(exp(llhd_cms_sus_19_006_150s-llhd_cms_sus_19_006_0s))*(max(bf_cms_sus_21_006_mu1p5f,1E-20))*(max(bf_cms_sus_18_004_mu1p5f,1E-20))*(exp(llhd_cms_sus_21_007_150s-llhd_cms_sus_21_007_0s))*(max(bf_cms_sus_21_007_mb_mu1p5s,1E-20)))) * TMath::Sqrt(2 * TMath::Abs(TMath::Log((exp(llhd_cms_sus_20_001_mu1p5s-llhd_cms_sus_20_001_mu0p0s))*(exp(llhd_cms_sus_19_006_150s-llhd_cms_sus_19_006_0s))*(max(bf_cms_sus_21_006_mu1p5f,1E-20))*(max(bf_cms_sus_18_004_mu1p5f,1E-20))*(exp(llhd_cms_sus_21_007_150s-llhd_cms_sus_21_007_0s))*(max(bf_cms_sus_21_007_mb_mu1p5s,1E-20)))))
•[1m[93mPosterior Down Z Score:[0m
TMath::Abs(TMath::Log((exp(llhd_cms_sus_20_001_mu0p5s-llhd_cms_sus_20_001_mu0p0s))*(exp(llhd_cms_sus_19_006_050s-llhd_cms_sus_19_006_0s))*(max(bf_cms_sus_21_006_mu0p5f,1E-20))*(max(bf_cms_sus_18_004_mu0p5f,1E-20))*(exp(llhd_cms_sus_21_007_050s-llhd_cms_sus_21_007_0s))*(max(bf_cms_sus_21_007_mb_mu0p5s,1E-20))))/(TMath::Log((exp(llhd_cms_sus_20_001_mu0p5s-llhd_cms_sus_20_001_mu0p0s))*(exp(llhd_cms_sus_19_006_050s-llhd_cms_sus_19_006_0s))*(max(bf_cms_sus_21_006_mu0p5f,1E-20))*(max(bf_cms_sus_18_004_mu0p5f,1E-20))*(exp(llhd_cms_sus_21_007_050s-llhd_cms_sus_21_007_0s))*(max(bf_cms_sus_21_007_mb_mu0p5s,1E-20)))) * TMath::Sqrt(2 * TMath::Abs(TMath::Log((exp(llhd_cms_sus_20_001_mu0p5s-llhd_cms_sus_20_001_mu0p0s))*(exp(llhd_cms_sus_19_006_050s-llhd_cms_sus_19_006_0s))*(max(bf_cms_sus_21_006_mu0p5f,1E-20))*(max(bf_cms_sus_18_004_mu0p5f,1E-20))*(exp(llhd_cms_sus_21_007_050s-llhd_cms_sus_21_007_0s))*(max(bf_cms_sus_21_007_mb_mu0p5s,1E-20)))))
_______________________________________________________________________________________


_____________________________ [1m[38;5;214m1D Survival Probability[0m for[1m[94m g [0m _____________________________
_____________________________[1m[92mFULL COMBINED[0m_______________________
•[93mAnalysis:[0m cms_sus_20_001 [38;5;214mConstraint[0m: (exp(llhd_cms_sus_20_001_mu1p0s-llhd_cms_sus_20_001_mu0p0s))
•[93mAnalysis:[0m cms_sus_19_006 [38;5;214mConstraint[0m: (exp(llhd_cms_sus_19_006_100s-llhd_cms_sus_19_006_0s))
•[93mAnalysis:[0m cms_sus_21_006 [38;5;214mConstraint[0m: (max(bf_cms_sus_21_006_mu1p0f,1E-20))
•[93mAnalysis:[0m cms_sus_18_004 [38;5;214mConstraint[0m: (max(bf_cms_sus_18_004_mu1p0f,1E-20))
•[93mAnalysis:[0m cms_sus_21_007 [38;5;214mConstraint[0m: (exp(llhd_cms_sus_21_007_100s-llhd_cms_sus_21_007_0s))
•[93mAnalysis:[0m cms_sus_21_007_mb [38;5;214mConstraint[0m: (max(bf_cms_sus_21_007_mb_mu1p0s,1E-20))

•[1m[93mPosterior Z Score:[0m
TMath::Abs(TMath::Log((exp(llhd_cms_sus_20_001_mu1p0s-llhd_cms_sus_20_001_mu0p0s))*(exp(llhd_cms_sus_19_006_100s-llhd_cms_sus_19_006_0s))*(max(bf_cms_sus_21_006_mu1p0f,1E-20))*(max(bf_cms_sus_18_004_mu1p0f,1E-20))*(exp(llhd_cms_sus_21_007_100s-llhd_cms_sus_21_007_0s))*(max(bf_cms_sus_21_007_mb_mu1p0s,1E-20))))/(TMath::Log((exp(llhd_cms_sus_20_001_mu1p0s-llhd_cms_sus_20_001_mu0p0s))*(exp(llhd_cms_sus_19_006_100s-llhd_cms_sus_19_006_0s))*(max(bf_cms_sus_21_006_mu1p0f,1E-20))*(max(bf_cms_sus_18_004_mu1p0f,1E-20))*(exp(llhd_cms_sus_21_007_100s-llhd_cms_sus_21_007_0s))*(max(bf_cms_sus_21_007_mb_mu1p0s,1E-20)))) * TMath::Sqrt(2 * TMath::Abs(TMath::Log((exp(llhd_cms_sus_20_001_mu1p0s-llhd_cms_sus_20_001_mu0p0s))*(exp(llhd_cms_sus_19_006_100s-llhd_cms_sus_19_006_0s))*(max(bf_cms_sus_21_006_mu1p0f,1E-20))*(max(bf_cms_sus_18_004_mu1p0f,1E-20))*(exp(llhd_cms_sus_21_007_100s-llhd_cms_sus_21_007_0s))*(max(bf_cms_sus_21_007_mb_mu1p0s,1E-20)))))
•[1m[93mPosterior Up Z Score:[0m
TMath::Abs(TMath::Log((exp(llhd_cms_sus_20_001_mu1p5s-llhd_cms_sus_20_001_mu0p0s))*(exp(llhd_cms_sus_19_006_150s-llhd_cms_sus_19_006_0s))*(max(bf_cms_sus_21_006_mu1p5f,1E-20))*(max(bf_cms_sus_18_004_mu1p5f,1E-20))*(exp(llhd_cms_sus_21_007_150s-llhd_cms_sus_21_007_0s))*(max(bf_cms_sus_21_007_mb_mu1p5s,1E-20))))/(TMath::Log((exp(llhd_cms_sus_20_001_mu1p5s-llhd_cms_sus_20_001_mu0p0s))*(exp(llhd_cms_sus_19_006_150s-llhd_cms_sus_19_006_0s))*(max(bf_cms_sus_21_006_mu1p5f,1E-20))*(max(bf_cms_sus_18_004_mu1p5f,1E-20))*(exp(llhd_cms_sus_21_007_150s-llhd_cms_sus_21_007_0s))*(max(bf_cms_sus_21_007_mb_mu1p5s,1E-20)))) * TMath::Sqrt(2 * TMath::Abs(TMath::Log((exp(llhd_cms_sus_20_001_mu1p5s-llhd_cms_sus_20_001_mu0p0s))*(exp(llhd_cms_sus_19_006_150s-llhd_cms_sus_19_006_0s))*(max(bf_cms_sus_21_006_mu1p5f,1E-20))*(max(bf_cms_sus_18_004_mu1p5f,1E-20))*(exp(llhd_cms_sus_21_007_150s-llhd_cms_sus_21_007_0s))*(max(bf_cms_sus_21_007_mb_mu1p5s,1E-20)))))
•[1m[93mPosterior Down Z Score:[0m
TMath::Abs(TMath::Log((exp(llhd_cms_sus_20_001_mu0p5s-llhd_cms_sus_20_001_mu0p0s))*(exp(llhd_cms_sus_19_006_050s-llhd_cms_sus_19_006_0s))*(max(bf_cms_sus_21_006_mu0p5f,1E-20))*(max(bf_cms_sus_18_004_mu0p5f,1E-20))*(exp(llhd_cms_sus_21_007_050s-llhd_cms_sus_21_007_0s))*(max(bf_cms_sus_21_007_mb_mu0p5s,1E-20))))/(TMath::Log((exp(llhd_cms_sus_20_001_mu0p5s-llhd_cms_sus_20_001_mu0p0s))*(exp(llhd_cms_sus_19_006_050s-llhd_cms_sus_19_006_0s))*(max(bf_cms_sus_21_006_mu0p5f,1E-20))*(max(bf_cms_sus_18_004_mu0p5f,1E-20))*(exp(llhd_cms_sus_21_007_050s-llhd_cms_sus_21_007_0s))*(max(bf_cms_sus_21_007_mb_mu0p5s,1E-20)))) * TMath::Sqrt(2 * TMath::Abs(TMath::Log((exp(llhd_cms_sus_20_001_mu0p5s-llhd_cms_sus_20_001_mu0p0s))*(exp(llhd_cms_sus_19_006_050s-llhd_cms_sus_19_006_0s))*(max(bf_cms_sus_21_006_mu0p5f,1E-20))*(max(bf_cms_sus_18_004_mu0p5f,1E-20))*(exp(llhd_cms_sus_21_007_050s-llhd_cms_sus_21_007_0s))*(max(bf_cms_sus_21_007_mb_mu0p5s,1E-20)))))
_______________________________________________________________________________________


_____________________________ [1m[38;5;214m1D Survival Probability[0m for[1m[94m t1 [0m _____________________________
_____________________________[1m[92mFULL COMBINED[0m_______________________
•[93mAnalysis:[0m cms_sus_20_001 [38;5;214mConstraint[0m: (exp(llhd_cms_sus_20_001_mu1p0s-llhd_cms_sus_20_001_mu0p0s))
•[93mAnalysis:[0m cms_sus_19_006 [38;5;214mConstraint[0m: (exp(llhd_cms_sus_19_006_100s-llhd_cms_sus_19_006_0s))
•[93mAnalysis:[0m cms_sus_21_006 [38;5;214mConstraint[0m: (max(bf_cms_sus_21_006_mu1p0f,1E-20))
TH1F::Sumw2:0: RuntimeWarning: Sum of squares of weights structure already created
TH1F::Sumw2:0: RuntimeWarning: Sum of squares of weights structure already created
TH1F::Sumw2:0: RuntimeWarning: Sum of squares of weights structure already created
Info in <TCanvas::Print>: pdf file ../../output/survival1D/stop1_COMBINED_survival1D.pdf has been created
TH1F::Sumw2:0: RuntimeWarning: Sum of squares of weights structure already created
TH1F::Sumw2:0: RuntimeWarning: Sum of squares of weights structure already created
TH1F::Sumw2:0: RuntimeWarning: Sum of squares of weights structure already created
Info in <TCanvas::Print>: pdf file ../../output/survival1D/lcsp_COMBINED_survival1D.pdf has been created
•[93mAnalysis:[0m cms_sus_18_004 [38;5;214mConstraint[0m: (max(bf_cms_sus_18_004_mu1p0f,1E-20))
•[93mAnalysis:[0m cms_sus_21_007 [38;5;214mConstraint[0m: (exp(llhd_cms_sus_21_007_100s-llhd_cms_sus_21_007_0s))
•[93mAnalysis:[0m cms_sus_21_007_mb [38;5;214mConstraint[0m: (max(bf_cms_sus_21_007_mb_mu1p0s,1E-20))

•[1m[93mPosterior Z Score:[0m
TMath::Abs(TMath::Log((exp(llhd_cms_sus_20_001_mu1p0s-llhd_cms_sus_20_001_mu0p0s))*(exp(llhd_cms_sus_19_006_100s-llhd_cms_sus_19_006_0s))*(max(bf_cms_sus_21_006_mu1p0f,1E-20))*(max(bf_cms_sus_18_004_mu1p0f,1E-20))*(exp(llhd_cms_sus_21_007_100s-llhd_cms_sus_21_007_0s))*(max(bf_cms_sus_21_007_mb_mu1p0s,1E-20))))/(TMath::Log((exp(llhd_cms_sus_20_001_mu1p0s-llhd_cms_sus_20_001_mu0p0s))*(exp(llhd_cms_sus_19_006_100s-llhd_cms_sus_19_006_0s))*(max(bf_cms_sus_21_006_mu1p0f,1E-20))*(max(bf_cms_sus_18_004_mu1p0f,1E-20))*(exp(llhd_cms_sus_21_007_100s-llhd_cms_sus_21_007_0s))*(max(bf_cms_sus_21_007_mb_mu1p0s,1E-20)))) * TMath::Sqrt(2 * TMath::Abs(TMath::Log((exp(llhd_cms_sus_20_001_mu1p0s-llhd_cms_sus_20_001_mu0p0s))*(exp(llhd_cms_sus_19_006_100s-llhd_cms_sus_19_006_0s))*(max(bf_cms_sus_21_006_mu1p0f,1E-20))*(max(bf_cms_sus_18_004_mu1p0f,1E-20))*(exp(llhd_cms_sus_21_007_100s-llhd_cms_sus_21_007_0s))*(max(bf_cms_sus_21_007_mb_mu1p0s,1E-20)))))
•[1m[93mPosterior Up Z Score:[0m
TMath::Abs(TMath::Log((exp(llhd_cms_sus_20_001_mu1p5s-llhd_cms_sus_20_001_mu0p0s))*(exp(llhd_cms_sus_19_006_150s-llhd_cms_sus_19_006_0s))*(max(bf_cms_sus_21_006_mu1p5f,1E-20))*(max(bf_cms_sus_18_004_mu1p5f,1E-20))*(exp(llhd_cms_sus_21_007_150s-llhd_cms_sus_21_007_0s))*(max(bf_cms_sus_21_007_mb_mu1p5s,1E-20))))/(TMath::Log((exp(llhd_cms_sus_20_001_mu1p5s-llhd_cms_sus_20_001_mu0p0s))*(exp(llhd_cms_sus_19_006_150s-llhd_cms_sus_19_006_0s))*(max(bf_cms_sus_21_006_mu1p5f,1E-20))*(max(bf_cms_sus_18_004_mu1p5f,1E-20))*(exp(llhd_cms_sus_21_007_150s-llhd_cms_sus_21_007_0s))*(max(bf_cms_sus_21_007_mb_mu1p5s,1E-20)))) * TMath::Sqrt(2 * TMath::Abs(TMath::Log((exp(llhd_cms_sus_20_001_mu1p5s-llhd_cms_sus_20_001_mu0p0s))*(exp(llhd_cms_sus_19_006_150s-llhd_cms_sus_19_006_0s))*(max(bf_cms_sus_21_006_mu1p5f,1E-20))*(max(bf_cms_sus_18_004_mu1p5f,1E-20))*(exp(llhd_cms_sus_21_007_150s-llhd_cms_sus_21_007_0s))*(max(bf_cms_sus_21_007_mb_mu1p5s,1E-20)))))
•[1m[93mPosterior Down Z Score:[0m
TMath::Abs(TMath::Log((exp(llhd_cms_sus_20_001_mu0p5s-llhd_cms_sus_20_001_mu0p0s))*(exp(llhd_cms_sus_19_006_050s-llhd_cms_sus_19_006_0s))*(max(bf_cms_sus_21_006_mu0p5f,1E-20))*(max(bf_cms_sus_18_004_mu0p5f,1E-20))*(exp(llhd_cms_sus_21_007_050s-llhd_cms_sus_21_007_0s))*(max(bf_cms_sus_21_007_mb_mu0p5s,1E-20))))/(TMath::Log((exp(llhd_cms_sus_20_001_mu0p5s-llhd_cms_sus_20_001_mu0p0s))*(exp(llhd_cms_sus_19_006_050s-llhd_cms_sus_19_006_0s))*(max(bf_cms_sus_21_006_mu0p5f,1E-20))*(max(bf_cms_sus_18_004_mu0p5f,1E-20))*(exp(llhd_cms_sus_21_007_050s-llhd_cms_sus_21_007_0s))*(max(bf_cms_sus_21_007_mb_mu0p5s,1E-20)))) * TMath::Sqrt(2 * TMath::Abs(TMath::Log((exp(llhd_cms_sus_20_001_mu0p5s-llhd_cms_sus_20_001_mu0p0s))*(exp(llhd_cms_sus_19_006_050s-llhd_cms_sus_19_006_0s))*(max(bf_cms_sus_21_006_mu0p5f,1E-20))*(max(bf_cms_sus_18_004_mu0p5f,1E-20))*(exp(llhd_cms_sus_21_007_050s-llhd_cms_sus_21_007_0s))*(max(bf_cms_sus_21_007_mb_mu0p5s,1E-20)))))
_______________________________________________________________________________________


_____________________________ [1m[38;5;214m1D Survival Probability[0m for[1m[94m lcsp [0m _____________________________
_____________________________[1m[92mFULL COMBINED[0m_______________________
•[93mAnalysis:[0m cms_sus_20_001 [38;5;214mConstraint[0m: (exp(llhd_cms_sus_20_001_mu1p0s-llhd_cms_sus_20_001_mu0p0s))
•[93mAnalysis:[0m cms_sus_19_006 [38;5;214mConstraint[0m: (exp(llhd_cms_sus_19_006_100s-llhd_cms_sus_19_006_0s))
•[93mAnalysis:[0m cms_sus_21_006 [38;5;214mConstraint[0m: (max(bf_cms_sus_21_006_mu1p0f,1E-20))
•[93mAnalysis:[0m cms_sus_18_004 [38;5;214mConstraint[0m: (max(bf_cms_sus_18_004_mu1p0f,1E-20))
•[93mAnalysis:[0m cms_sus_21_007 [38;5;214mConstraint[0m: (exp(llhd_cms_sus_21_007_100s-llhd_cms_sus_21_007_0s))
•[93mAnalysis:[0m cms_sus_21_007_mb [38;5;214mConstraint[0m: (max(bf_cms_sus_21_007_mb_mu1p0s,1E-20))

•[1m[93mPosterior Z Score:[0m
TMath::Abs(TMath::Log((exp(llhd_cms_sus_20_001_mu1p0s-llhd_cms_sus_20_001_mu0p0s))*(exp(llhd_cms_sus_19_006_100s-llhd_cms_sus_19_006_0s))*(max(bf_cms_sus_21_006_mu1p0f,1E-20))*(max(bf_cms_sus_18_004_mu1p0f,1E-20))*(exp(llhd_cms_sus_21_007_100s-llhd_cms_sus_21_007_0s))*(max(bf_cms_sus_21_007_mb_mu1p0s,1E-20))))/(TMath::Log((exp(llhd_cms_sus_20_001_mu1p0s-llhd_cms_sus_20_001_mu0p0s))*(exp(llhd_cms_sus_19_006_100s-llhd_cms_sus_19_006_0s))*(max(bf_cms_sus_21_006_mu1p0f,1E-20))*(max(bf_cms_sus_18_004_mu1p0f,1E-20))*(exp(llhd_cms_sus_21_007_100s-llhd_cms_sus_21_007_0s))*(max(bf_cms_sus_21_007_mb_mu1p0s,1E-20)))) * TMath::Sqrt(2 * TMath::Abs(TMath::Log((exp(llhd_cms_sus_20_001_mu1p0s-llhd_cms_sus_20_001_mu0p0s))*(exp(llhd_cms_sus_19_006_100s-llhd_cms_sus_19_006_0s))*(max(bf_cms_sus_21_006_mu1p0f,1E-20))*(max(bf_cms_sus_18_004_mu1p0f,1E-20))*(exp(llhd_cms_sus_21_007_100s-llhd_cms_sus_21_007_0s))*(max(bf_cms_sus_21_007_mb_mu1p0s,1E-20)))))
•[1m[93mPosterior Up Z Score:[0m
TMath::Abs(TMath::Log((exp(llhd_cms_sus_20_001_mu1p5s-llhd_cms_sus_20_001_mu0p0s))*(exp(llhd_cms_sus_19_006_150s-llhd_cms_sus_19_006_0s))*(max(bf_cms_sus_21_006_mu1p5f,1E-20))*(max(bf_cms_sus_18_004_mu1p5f,1E-20))*(exp(llhd_cms_sus_21_007_150s-llhd_cms_sus_21_007_0s))*(max(bf_cms_sus_21_007_mb_mu1p5s,1E-20))))/(TMath::Log((exp(llhd_cms_sus_20_001_mu1p5s-llhd_cms_sus_20_001_mu0p0s))*(exp(llhd_cms_sus_19_006_150s-llhd_cms_sus_19_006_0s))*(max(bf_cms_sus_21_006_mu1p5f,1E-20))*(max(bf_cms_sus_18_004_mu1p5f,1E-20))*(exp(llhd_cms_sus_21_007_150s-llhd_cms_sus_21_007_0s))*(max(bf_cms_sus_21_007_mb_mu1p5s,1E-20)))) * TMath::Sqrt(2 * TMath::Abs(TMath::Log((exp(llhd_cms_sus_20_001_mu1p5s-llhd_cms_sus_20_001_mu0p0s))*(exp(llhd_cms_sus_19_006_150s-llhd_cms_sus_19_006_0s))*(max(bf_cms_sus_21_006_mu1p5f,1E-20))*(max(bf_cms_sus_18_004_mu1p5f,1E-20))*(exp(llhd_cms_sus_21_007_150s-llhd_cms_sus_21_007_0s))*(max(bf_cms_sus_21_007_mb_mu1p5s,1E-20)))))
•[1m[93mPosterior Down Z Score:[0m
TMath::Abs(TMath::Log((exp(llhd_cms_sus_20_001_mu0p5s-llhd_cms_sus_20_001_mu0p0s))*(exp(llhd_cms_sus_19_006_050s-llhd_cms_sus_19_006_0s))*(max(bf_cms_sus_21_006_mu0p5f,1E-20))*(max(bf_cms_sus_18_004_mu0p5f,1E-20))*(exp(llhd_cms_sus_21_007_050s-llhd_cms_sus_21_007_0s))*(max(bf_cms_sus_21_007_mb_mu0p5s,1E-20))))/(TMath::Log((exp(llhd_cms_sus_20_001_mu0p5s-llhd_cms_sus_20_001_mu0p0s))*(exp(llhd_cms_sus_19_006_050s-llhd_cms_sus_19_006_0s))*(max(bf_cms_sus_21_006_mu0p5f,1E-20))*(max(bf_cms_sus_18_004_mu0p5f,1E-20))*(exp(llhd_cms_sus_21_007_050s-llhd_cms_sus_21_007_0s))*(max(bf_cms_sus_21_007_mb_mu0p5s,1E-20)))) * TMath::Sqrt(2 * TMath::Abs(TMath::Log((exp(llhd_cms_sus_20_001_mu0p5s-llhd_cms_sus_20_001_mu0p0s))*(exp(llhd_cms_sus_19_006_050s-llhd_cms_sus_19_006_0s))*(max(bf_cms_sus_21_006_mu0p5f,1E-20))*(max(bf_cms_sus_18_004_mu0p5f,1E-20))*(exp(llhd_cms_sus_21_007_050s-llhd_cms_sus_21_007_0s))*(max(bf_cms_sus_21_007_mb_mu0p5s,1E-20)))))
_______________________________________________________________________________________


